<?xml version="1.0" encoding="UTF-8"?>
<!-- Generated by org.testng.reporters.JUnitReportReporter -->
<testsuite skipped="0" hostname="JIJO" name="selenium.ToolTip" tests="1" failures="0" timestamp="28 Nov 2021 20:31:15 GMT" time="11.187" errors="0">
  <testcase name="tooTip" time="11.187" classname="selenium.ToolTip"/>
</testsuite> <!-- selenium.ToolTip -->
