<?xml version="1.0" encoding="UTF-8"?>
<!-- Generated by org.testng.reporters.JUnitReportReporter -->
<testsuite skipped="0" hostname="JIJO" name="assignments.LoginToolQa" tests="1" failures="0" timestamp="30 Nov 2021 19:17:50 GMT" time="13.711" errors="0">
  <testcase name="loginPage" time="13.711" classname="assignments.LoginToolQa"/>
</testsuite> <!-- assignments.LoginToolQa -->
