<?xml version="1.0" encoding="UTF-8"?>
<!-- Generated by org.testng.reporters.JUnitReportReporter -->
<testsuite skipped="0" hostname="JIJO" name="assignments.search" tests="1" failures="0" timestamp="23 Nov 2021 04:25:45 GMT" time="10.273" errors="0">
  <testcase name="searchText" time="10.273" classname="assignments.search"/>
</testsuite> <!-- assignments.search -->
