<?xml version="1.0" encoding="UTF-8"?>
<!-- Generated by org.testng.reporters.JUnitReportReporter -->
<testsuite skipped="0" hostname="JIJO" name="assignments.verifyLogo" tests="1" failures="0" timestamp="23 Nov 2021 05:17:00 GMT" time="10.671" errors="0">
  <testcase name="isLogoDisplayed" time="10.671" classname="assignments.verifyLogo"/>
</testsuite> <!-- assignments.verifyLogo -->
