<?xml version="1.0" encoding="UTF-8"?>
<!-- Generated by org.testng.reporters.JUnitReportReporter -->
<testsuite skipped="0" hostname="JIJO" name="assignments.loginToolQa" tests="1" failures="0" timestamp="23 Nov 2021 04:59:21 GMT" time="9.309" errors="0">
  <testcase name="loginPage" time="9.309" classname="assignments.loginToolQa"/>
</testsuite> <!-- assignments.loginToolQa -->
