<?xml version="1.0" encoding="UTF-8"?>
<!-- Generated by org.testng.reporters.JUnitReportReporter -->
<testsuite skipped="0" hostname="JIJO" name="selenium.getTitle" tests="1" failures="0" timestamp="23 Nov 2021 03:51:57 GMT" time="9.110" errors="0">
  <testcase name="getTitlePage" time="9.110" classname="selenium.getTitle"/>
</testsuite> <!-- selenium.getTitle -->
