<?xml version="1.0" encoding="UTF-8"?>
<!-- Generated by org.testng.reporters.JUnitReportReporter -->
<testsuite skipped="0" hostname="JIJO" name="selenium.MyFirstSeleniumFirstTescaset" tests="1" failures="0" timestamp="25 Nov 2021 22:04:58 GMT" time="21.515" errors="0">
  <testcase name="loginToolsQA" time="21.515" classname="selenium.MyFirstSeleniumFirstTescaset"/>
</testsuite> <!-- selenium.MyFirstSeleniumFirstTescaset -->
