<?xml version="1.0" encoding="UTF-8"?>
<!-- Generated by org.testng.reporters.JUnitReportReporter -->
<testsuite skipped="0" hostname="JIJO" name="assignments.VerifyLogo" tests="1" failures="0" timestamp="24 Nov 2021 01:42:35 GMT" time="11.986" errors="0">
  <testcase name="isLogoDisplayed" time="11.986" classname="assignments.VerifyLogo"/>
</testsuite> <!-- assignments.VerifyLogo -->
