<?xml version="1.0" encoding="UTF-8"?>
<!-- Generated by org.testng.reporters.JUnitReportReporter -->
<testsuite skipped="0" hostname="JIJO" name="firstTestNGPackage.Rocket" tests="3" failures="0" timestamp="14 Nov 2021 05:39:59 GMT" time="0.033" errors="0">
  <testcase name="rocketInspace" time="0.008" classname="firstTestNGPackage.Rocket"/>
  <testcase name="sateliteDetached" time="0.017" classname="firstTestNGPackage.Rocket"/>
  <testcase name="satelliteFunctioning" time="0.008" classname="firstTestNGPackage.Rocket"/>
</testsuite> <!-- firstTestNGPackage.Rocket -->
