<?xml version="1.0" encoding="UTF-8"?>
<!-- Generated by org.testng.reporters.JUnitReportReporter -->
<testsuite skipped="0" hostname="JIJO" name="firstTestNGPackage.LearnTestNGAnotation" tests="2" failures="0" timestamp="14 Nov 2021 05:49:26 GMT" time="0.024" errors="0">
  <testcase name="test" time="0.019" classname="firstTestNGPackage.LearnTestNGAnotation"/>
  <testcase name="test11" time="0.005" classname="firstTestNGPackage.LearnTestNGAnotation"/>
</testsuite> <!-- firstTestNGPackage.LearnTestNGAnotation -->
