<?xml version="1.0" encoding="UTF-8"?>
<!-- Generated by org.testng.reporters.JUnitReportReporter -->
<testsuite skipped="0" hostname="JIJO" name="assignments.GetTitle" tests="1" failures="0" timestamp="24 Nov 2021 01:39:51 GMT" time="9.812" errors="0">
  <testcase name="getTitlePage" time="9.812" classname="assignments.GetTitle"/>
</testsuite> <!-- assignments.GetTitle -->
