<?xml version="1.0" encoding="UTF-8"?>
<!-- Generated by org.testng.reporters.JUnitReportReporter -->
<testsuite skipped="0" hostname="JIJO" name="assignments.LoginToolQa" tests="1" failures="0" timestamp="25 Nov 2021 22:01:01 GMT" time="15.458" errors="0">
  <testcase name="loginPage" time="15.458" classname="assignments.LoginToolQa"/>
</testsuite> <!-- assignments.LoginToolQa -->
