<?xml version="1.0" encoding="UTF-8"?>
<!-- Generated by org.testng.reporters.JUnitReportReporter -->
<testsuite skipped="0" hostname="JIJO" name="assignments.Search" tests="1" failures="0" timestamp="24 Nov 2021 01:42:09 GMT" time="14.395" errors="0">
  <testcase name="searchText" time="14.395" classname="assignments.Search"/>
</testsuite> <!-- assignments.Search -->
