<?xml version="1.0" encoding="UTF-8"?>
<!-- Generated by org.testng.reporters.JUnitReportReporter -->
<testsuite skipped="0" hostname="JIJO" name="assignments.getTitle" tests="1" failures="0" timestamp="23 Nov 2021 04:30:22 GMT" time="10.855" errors="0">
  <testcase name="getTitlePage" time="10.855" classname="assignments.getTitle"/>
</testsuite> <!-- assignments.getTitle -->
