<?xml version="1.0" encoding="UTF-8"?>
<!-- Generated by org.testng.reporters.JUnitReportReporter -->
<testsuite skipped="0" hostname="JIJO" name="selenium.SecondTest" tests="1" failures="0" timestamp="23 Nov 2021 02:51:20 GMT" time="12.626" errors="0">
  <testcase name="clickChat" time="12.626" classname="selenium.SecondTest"/>
</testsuite> <!-- selenium.SecondTest -->
