<?xml version="1.0" encoding="UTF-8"?>
<!-- Generated by org.testng.reporters.JUnitReportReporter -->
<testsuite skipped="0" hostname="JIJO" name="assignments.radioButton" tests="1" failures="0" timestamp="23 Nov 2021 04:45:53 GMT" time="9.193" errors="0">
  <testcase name="radioButtonClick" time="9.193" classname="assignments.radioButton"/>
</testsuite> <!-- assignments.radioButton -->
