<?xml version="1.0" encoding="UTF-8"?>
<!-- Generated by org.testng.reporters.JUnitReportReporter -->
<testsuite skipped="0" hostname="JIJO" name="assignments.GetTitle" tests="1" failures="0" timestamp="30 Nov 2021 21:10:59 GMT" time="8.916" errors="0">
  <testcase name="getTitlePage" time="8.916" classname="assignments.GetTitle"/>
</testsuite> <!-- assignments.GetTitle -->
