<?xml version="1.0" encoding="UTF-8"?>
<!-- Generated by org.testng.reporters.JUnitReportReporter -->
<testsuite skipped="0" hostname="JIJO" name="assignments.RadioButton" tests="1" failures="0" timestamp="24 Nov 2021 01:41:29 GMT" time="10.450" errors="0">
  <testcase name="radioButtonClick" time="10.450" classname="assignments.RadioButton"/>
</testsuite> <!-- assignments.RadioButton -->
