<?xml version="1.0" encoding="UTF-8"?>
<!-- Generated by org.testng.reporters.JUnitReportReporter -->
<testsuite skipped="0" hostname="JIJO" name="selenium.MyFirstSeleniumFirstTescaset" tests="1" failures="0" timestamp="21 Nov 2021 16:57:56 GMT" time="31.545" errors="0">
  <testcase name="loginToolsQA" time="31.545" classname="selenium.MyFirstSeleniumFirstTescaset"/>
</testsuite> <!-- selenium.MyFirstSeleniumFirstTescaset -->
